<?xml version="1.0" encoding="UTF-8"?>
<!-- Generated by org.testng.reporters.JUnitReportReporter -->
<testsuite skipped="0" hostname="II02-F3LXQF2" name="com.maven.testcases.CalorieCalcHTTestCaseClass" tests="3" failures="0" timestamp="29 Sep 2020 21:31:04 GMT" time="7.835" errors="0">
  <testcase name="CalorieCalcTest" time="2.929" classname="com.maven.testcases.CalorieCalcHTTestCaseClass"/>
  <testcase name="CalorieCalcTest" time="2.460" classname="com.maven.testcases.CalorieCalcHTTestCaseClass"/>
  <testcase name="CalorieCalcTest" time="2.446" classname="com.maven.testcases.CalorieCalcHTTestCaseClass"/>
</testsuite> <!-- com.maven.testcases.CalorieCalcHTTestCaseClass -->
