<?xml version="1.0" encoding="UTF-8"?>
<!-- Generated by org.testng.reporters.JUnitReportReporter -->
<testsuite skipped="0" hostname="II02-F3LXQF2" name="com.maven.testcases.CalorieCalcHTTestCase" tests="3" failures="0" timestamp="29 Sep 2020 21:31:04 GMT" time="66.942" errors="0">
  <testcase name="CalorieCalcTest" time="16.624" classname="com.maven.testcases.CalorieCalcHTTestCase"/>
  <testcase name="CalorieCalcTest" time="10.437" classname="com.maven.testcases.CalorieCalcHTTestCase"/>
  <testcase name="CalorieCalcTest" time="39.881" classname="com.maven.testcases.CalorieCalcHTTestCase"/>
</testsuite> <!-- com.maven.testcases.CalorieCalcHTTestCase -->
