<?xml version="1.0" encoding="UTF-8"?>
<!-- Generated by org.testng.reporters.JUnitReportReporter -->
<testsuite skipped="0" hostname="II02-F3LXQF2" name="com.maven.testcases.CompositeMouseOp" tests="1" failures="0" timestamp="29 Sep 2020 21:31:04 GMT" time="33.936" errors="0">
  <testcase name="MouseOps" time="33.936" classname="com.maven.testcases.CompositeMouseOp"/>
</testsuite> <!-- com.maven.testcases.CompositeMouseOp -->
