<?xml version="1.0" encoding="UTF-8"?>
<!-- Generated by org.testng.reporters.JUnitReportReporter -->
<testsuite skipped="0" hostname="II02-F3LXQF2" name="testng.CalorieCalcTestCase" tests="3" failures="0" timestamp="2020-10-02T17:45:24 IST" time="112.220" errors="0">
  <testcase name="CalorieCalcTest" time="18.059" classname="testng.CalorieCalcTestCase"/>
  <system-out/>
  <testcase name="CalorieCalcTest" time="56.410" classname="testng.CalorieCalcTestCase"/>
  <system-out/>
  <testcase name="CalorieCalcTest" time="37.751" classname="testng.CalorieCalcTestCase"/>
  <system-out/>
</testsuite> <!-- testng.CalorieCalcTestCase -->
