<?xml version="1.0" encoding="UTF-8"?>
<!-- Generated by org.testng.reporters.JUnitReportReporter -->
<testsuite skipped="0" hostname="II02-F3LXQF2" name="testng.TestNGExample2" tests="4" failures="0" timestamp="2020-10-02T17:45:24 IST" time="0.000" errors="0">
  <testcase name="validateLogin" time="0.000" classname="testng.TestNGExample2"/>
  <system-out/>
  <testcase name="AccountEnquiry" time="0.000" classname="testng.TestNGExample2"/>
  <system-out/>
  <testcase name="Reporting" time="0.000" classname="testng.TestNGExample2"/>
  <system-out/>
  <testcase name="LogOff" time="0.000" classname="testng.TestNGExample2"/>
  <system-out/>
</testsuite> <!-- testng.TestNGExample2 -->
