<?xml version="1.0" encoding="UTF-8"?>
<!-- Generated by org.testng.reporters.JUnitReportReporter -->
<testsuite skipped="0" hostname="II02-F3LXQF2" name="testng.ChangeDropdownValues" tests="1" failures="0" timestamp="2020-10-02T17:45:24 IST" time="35.724" errors="0">
  <testcase name="changeDDvalues" time="35.724" classname="testng.ChangeDropdownValues"/>
  <system-out/>
</testsuite> <!-- testng.ChangeDropdownValues -->
