<?xml version="1.0" encoding="UTF-8"?>
<!-- Generated by org.testng.reporters.JUnitReportReporter -->
<testsuite skipped="0" hostname="II02-F3LXQF2" name="com.maven.testcases.ChangeDropdownValues" tests="1" failures="0" timestamp="29 Sep 2020 22:32:17 GMT" time="10.975" errors="0">
  <testcase name="changeDDvalues" time="10.975" classname="com.maven.testcases.ChangeDropdownValues"/>
</testsuite> <!-- com.maven.testcases.ChangeDropdownValues -->
