<?xml version="1.0" encoding="UTF-8"?>
<!-- Generated by org.testng.reporters.JUnitReportReporter -->
<testsuite skipped="0" hostname="II02-F3LXQF2" name="com.maven.testcases.CalorieCalcHTTestCaseClass" tests="3" failures="0" timestamp="29 Sep 2020 22:32:17 GMT" time="8.756" errors="0">
  <testcase name="CalorieCalcTest" time="2.687" classname="com.maven.testcases.CalorieCalcHTTestCaseClass"/>
  <testcase name="CalorieCalcTest" time="3.489" classname="com.maven.testcases.CalorieCalcHTTestCaseClass"/>
  <testcase name="CalorieCalcTest" time="2.580" classname="com.maven.testcases.CalorieCalcHTTestCaseClass"/>
</testsuite> <!-- com.maven.testcases.CalorieCalcHTTestCaseClass -->
