<?xml version="1.0" encoding="UTF-8"?>
<!-- Generated by org.testng.reporters.JUnitReportReporter -->
<testsuite skipped="0" hostname="II02-F3LXQF2" name="com.maven.testcases.CalorieCalcHTTestCase" tests="3" failures="0" timestamp="29 Sep 2020 22:32:17 GMT" time="58.854" errors="0">
  <testcase name="CalorieCalcTest" time="39.438" classname="com.maven.testcases.CalorieCalcHTTestCase"/>
  <testcase name="CalorieCalcTest" time="10.173" classname="com.maven.testcases.CalorieCalcHTTestCase"/>
  <testcase name="CalorieCalcTest" time="9.243" classname="com.maven.testcases.CalorieCalcHTTestCase"/>
</testsuite> <!-- com.maven.testcases.CalorieCalcHTTestCase -->
