<?xml version="1.0" encoding="UTF-8"?>
<!-- Generated by org.testng.reporters.JUnitReportReporter -->
<testsuite skipped="0" hostname="II02-F3LXQF2" name="testng.CalorieCalcHTTestCaseClass" tests="3" failures="0" timestamp="2020-09-23T16:58:38 IST" time="8.411" errors="0">
  <testcase name="CalorieCalcTest" time="3.048" classname="testng.CalorieCalcHTTestCaseClass"/>
  <system-out/>
  <testcase name="CalorieCalcTest" time="2.760" classname="testng.CalorieCalcHTTestCaseClass"/>
  <system-out/>
  <testcase name="CalorieCalcTest" time="2.603" classname="testng.CalorieCalcHTTestCaseClass"/>
  <system-out/>
</testsuite> <!-- testng.CalorieCalcHTTestCaseClass -->
