<?xml version="1.0" encoding="UTF-8"?>
<!-- Generated by org.testng.reporters.JUnitReportReporter -->
<testsuite skipped="0" hostname="II02-F3LXQF2" name="testng.CalorieCalcHTTestCase" tests="3" failures="0" timestamp="2020-09-23T16:57:15 IST" time="87.345" errors="0">
  <testcase name="CalorieCalcTest" time="54.291" classname="testng.CalorieCalcHTTestCase"/>
  <system-out/>
  <testcase name="CalorieCalcTest" time="15.924" classname="testng.CalorieCalcHTTestCase"/>
  <system-out/>
  <testcase name="CalorieCalcTest" time="17.130" classname="testng.CalorieCalcHTTestCase"/>
  <system-out/>
</testsuite> <!-- testng.CalorieCalcHTTestCase -->
