<?xml version="1.0" encoding="UTF-8"?>
<!-- Generated by org.testng.reporters.JUnitReportReporter -->
<testsuite skipped="0" hostname="II02-F3LXQF2" name="testng.ChangeDropdownValues" tests="1" failures="0" timestamp="2020-09-23T03:26:18 IST" time="19.563" errors="0">
  <testcase name="changeDDvalues" time="19.563" classname="testng.ChangeDropdownValues"/>
  <system-out/>
</testsuite> <!-- testng.ChangeDropdownValues -->
