<?xml version="1.0" encoding="UTF-8"?>
<!-- Generated by org.testng.reporters.JUnitReportReporter -->
<testsuite skipped="0" hostname="II02-F3LXQF2" name="com.project.testcases.CalorieCalcExcelTestCase" tests="5" failures="0" timestamp="2020-09-26T15:17:30 IST" time="116.801" errors="0">
  <testcase name="CalorieCalcTest" time="37.491" classname="com.project.testcases.CalorieCalcExcelTestCase"/>
  <system-out/>
  <testcase name="CalorieCalcTest" time="17.655" classname="com.project.testcases.CalorieCalcExcelTestCase"/>
  <system-out/>
  <testcase name="CalorieCalcTest" time="12.354" classname="com.project.testcases.CalorieCalcExcelTestCase"/>
  <system-out/>
  <testcase name="CalorieCalcTest" time="39.290" classname="com.project.testcases.CalorieCalcExcelTestCase"/>
  <system-out/>
  <testcase name="CalorieCalcTest" time="10.011" classname="com.project.testcases.CalorieCalcExcelTestCase"/>
  <system-out/>
</testsuite> <!-- com.project.testcases.CalorieCalcExcelTestCase -->
