<?xml version="1.0" encoding="UTF-8"?>
<!-- Generated by org.testng.reporters.JUnitReportReporter -->
<testsuite skipped="0" hostname="II02-F3LXQF2" name="testng.CalorieCalcTestCase" tests="3" failures="0" timestamp="2020-09-23T12:55:45 IST" time="116.174" errors="0">
  <testcase name="CalorieCalcTest" time="40.462" classname="testng.CalorieCalcTestCase"/>
  <system-out/>
  <testcase name="CalorieCalcTest" time="31.852" classname="testng.CalorieCalcTestCase"/>
  <system-out/>
  <testcase name="CalorieCalcTest" time="43.860" classname="testng.CalorieCalcTestCase"/>
  <system-out/>
</testsuite> <!-- testng.CalorieCalcTestCase -->
