<?xml version="1.0" encoding="UTF-8"?>
<!-- Generated by org.testng.reporters.JUnitReportReporter -->
<testsuite skipped="0" hostname="II02-F3LXQF2" name="testng.TestNGExample" tests="4" failures="0" timestamp="2020-09-23T03:16:51 IST" time="0.017" errors="0">
  <testcase name="validateLogin" time="0.011" classname="testng.TestNGExample"/>
  <system-out/>
  <testcase name="AccountEnquiry" time="0.002" classname="testng.TestNGExample"/>
  <system-out/>
  <testcase name="Reporting" time="0.002" classname="testng.TestNGExample"/>
  <system-out/>
  <testcase name="LogOff" time="0.002" classname="testng.TestNGExample"/>
  <system-out/>
</testsuite> <!-- testng.TestNGExample -->
