<?xml version="1.0" encoding="UTF-8"?>
<!-- Generated by org.testng.reporters.JUnitReportReporter -->
<testsuite skipped="0" hostname="II02-F3LXQF2" name="com.project.testcases.CalorieCalcPageTestCase" tests="5" failures="0" timestamp="2020-09-26T15:52:13 IST" time="98.350" errors="0">
  <testcase name="CalorieCalcPageTest" time="34.253" classname="com.project.testcases.CalorieCalcPageTestCase"/>
  <system-out/>
  <testcase name="CalorieCalcPageTest" time="6.810" classname="com.project.testcases.CalorieCalcPageTestCase"/>
  <system-out/>
  <testcase name="CalorieCalcPageTest" time="36.007" classname="com.project.testcases.CalorieCalcPageTestCase"/>
  <system-out/>
  <testcase name="CalorieCalcPageTest" time="14.960" classname="com.project.testcases.CalorieCalcPageTestCase"/>
  <system-out/>
  <testcase name="CalorieCalcPageTest" time="6.320" classname="com.project.testcases.CalorieCalcPageTestCase"/>
  <system-out/>
</testsuite> <!-- com.project.testcases.CalorieCalcPageTestCase -->
